============================= test session starts ==============================
platform darwin -- Python 3.13.5, pytest-8.4.1, pluggy-1.6.0 -- /Users/mohamedbechirdiarra/Downloads/prototypeGamma/venv/bin/python3.13
cachedir: .pytest_cache
rootdir: /Users/mohamedbechirdiarra/Downloads/prototypeGamma
plugins: asyncio-1.0.0
asyncio: mode=Mode.STRICT, asyncio_default_fixture_loop_scope=None, asyncio_default_test_loop_scope=function
collecting ... collected 137 items

Backend/test_admin_notifications.py::test_admin_notifications PASSED     [  0%]
Backend/test_cinetpay.py::test_cinetpay_configuration PASSED             [  1%]
Backend/test_cors.py::test_cors_preflight PASSED                         [  2%]
Backend/test_cors.py::test_cors_post PASSED                              [  2%]
Backend/test_geolocation.py::test_geolocation_api PASSED                 [  3%]
Backend/test_login.py::test_login PASSED                                 [  4%]
Backend/test_me_endpoint.py::test_me_endpoint PASSED                     [  5%]
Backend/test_me_endpoint.py::test_technician_creation PASSED             [  5%]
Backend/test_notification.py::test_websocket_notification PASSED         [  6%]
Backend/test_notifications_api.py::test_api_notifications PASSED         [  7%]
Backend/test_notifications_simple.py::test_admin_notifications PASSED    [  8%]
Backend/test_payment_endpoint.py::test_payment_endpoint PASSED           [  8%]
Backend/test_security.py::test_environment_variables PASSED              [  9%]
Backend/test_security.py::test_jwt_configuration PASSED                  [ 10%]
Backend/test_security.py::test_cors_configuration PASSED                 [ 10%]
Backend/test_security.py::test_security_headers PASSED                   [ 11%]
Backend/test_security.py::test_token_generation PASSED                   [ 12%]
Backend/test_statistics.py::test_health_check PASSED                     [ 13%]
Backend/test_statistics.py::test_dashboard_stats PASSED                  [ 13%]
Backend/test_statistics.py::test_project_statistics PASSED               [ 14%]
Backend/test_statistics.py::test_available_technicians PASSED            [ 15%]
Backend/test_stats_simple.py::test_with_token PASSED                     [ 16%]
Backend/test_stats_simple.py::test_health PASSED                         [ 16%]
Backend/test_subscription_activation.py::test_subscription_activation PASSED [ 17%]
Backend/test_token_expiry.py::TokenExpiryTest::test_expired_token PASSED [ 18%]
Backend/test_urls.py::test_api_urls PASSED                               [ 18%]
Backend/test_urls.py::test_django_urls PASSED                            [ 19%]
Backend/test_user.py::test_user_exists PASSED                            [ 20%]
Backend/test_user.py::test_login PASSED                                  [ 21%]
Backend/test_user.py::test_register_and_login_mali_client PASSED         [ 21%]
Backend/test_user.py::test_register_and_login_mali_technician PASSED     [ 22%]
Backend/test_user.py::test_create_repair_request_for_existing_client PASSED [ 23%]
Backend/test_user.py::test_create_repair_request_with_new_client PASSED  [ 24%]
Backend/test_websocket.py::test_websocket PASSED                         [ 24%]
test_admin_stats_debug.py::test_backend_health PASSED                    [ 25%]
test_admin_stats_debug.py::test_admin_login PASSED                       [ 26%]
test_admin_stats_debug.py::test_stats_endpoint PASSED                    [ 27%]
test_admin_stats_debug.py::test_user_info PASSED                         [ 27%]
test_admin_technician_pages.py::test_backend_subscription_status PASSED  [ 28%]
test_admin_technician_pages.py::test_backend_payment_endpoints_disabled PASSED [ 29%]
test_admin_technician_pages.py::test_technician_has_active_subscription PASSED [ 29%]
test_admin_technician_pages.py::test_frontend_pages_updated PASSED       [ 30%]
test_admin_technician_pages.py::test_backend_connectivity PASSED         [ 31%]
test_auth_debug.py::test_login_and_refresh PASSED                        [ 32%]
test_auth_debug.py::test_frontend_simulation PASSED                      [ 32%]
test_auth_flow.py::test_auth_flow PASSED                                 [ 33%]
test_auth_flow.py::test_statistics_endpoints PASSED                      [ 34%]
test_backend_simulator.py::test_backend_cinetpay PASSED                  [ 35%]
test_ballo_plumber_search.py::test_ballo_plumber_search PASSED           [ 35%]
test_chat_debug.py::test_login PASSED                                    [ 36%]
test_chat_debug.py::test_chat_endpoint PASSED                            [ 37%]
test_chat_debug.py::test_other_endpoints PASSED                          [ 37%]
test_chat_with_auth.py::test_websocket_with_auth ERROR                   [ 38%]
test_complete_subscription_flow.py::test_complete_subscription_flow PASSED [ 39%]
test_correctifs_appliques.py::test_endpoint PASSED                       [ 40%]
test_correctifs_appliques.py::test_pagination PASSED                     [ 40%]
test_correctifs_appliques.py::test_rate_limiting PASSED                  [ 41%]
test_correctifs_appliques.py::test_security_headers PASSED               [ 42%]
test_correctifs_appliques.py::test_data_validation PASSED                [ 43%]
test_dashboard_access.py::test_dashboard_access PASSED                   [ 43%]
test_database_migrations.py::test_migrations PASSED                      [ 44%]
test_debug_technician.py::test_debug_technician PASSED                   [ 45%]
test_endpoints.py::test_endpoints PASSED                                 [ 45%]
test_enhanced_review_system.py::test_review_statistics PASSED            [ 46%]
test_enhanced_review_system.py::test_review_analytics PASSED             [ 47%]
test_enhanced_review_system.py::test_quality_metrics PASSED              [ 48%]
test_enhanced_review_system.py::test_popular_tags PASSED                 [ 48%]
test_enhanced_review_system.py::test_review_moderation ERROR             [ 49%]
test_enhanced_review_system.py::test_review_flagging ERROR               [ 50%]
test_enhanced_review_system.py::test_review_update ERROR                 [ 51%]
test_enhanced_review_system.py::test_review_received PASSED              [ 51%]
test_enhanced_review_system.py::test_review_given PASSED                 [ 52%]
test_final_success.py::test_final_success PASSED                         [ 53%]
test_free_mode.py::test_free_mode PASSED                                 [ 54%]
test_frontend_corrections.py::test_frontend_corrections PASSED           [ 54%]
test_frontend_fixes.py::test_backend_health PASSED                       [ 55%]
test_frontend_fixes.py::test_frontend_health PASSED                      [ 56%]
test_frontend_fixes.py::test_websocket_endpoint PASSED                   [ 56%]
test_frontend_form_data.py::test_form_data PASSED                        [ 57%]
test_frontend_form_data.py::test_with_axios_headers PASSED               [ 58%]
test_frontend_request.py::test_frontend_simulation PASSED                [ 59%]
test_frontend_request.py::test_cors_preflight PASSED                     [ 59%]
test_frontend_request.py::test_with_origin_header PASSED                 [ 60%]
test_frontend_subscription_admin.py::test_frontend_subscription_admin PASSED [ 61%]
test_geolocalisation_precise.py::test_geolocalisation_precise PASSED     [ 62%]
test_geolocalisation_precise.py::test_frontend_integration PASSED        [ 62%]
test_geolocation_booking.py::test_geolocation_booking PASSED             [ 63%]
test_geolocation_complete.py::test_geolocation_fixes PASSED              [ 64%]
test_geolocation_fix.py::test_geolocation_endpoints PASSED               [ 64%]
test_geolocation_migrations.py::test_geolocation_migrations PASSED       [ 65%]
test_geolocation_obligatoire.py::test_geolocation_obligatoire PASSED     [ 66%]
test_geolocation_obligatoire.py::test_frontend_geolocation PASSED        [ 67%]
test_hooks_fix.py::test_hooks_fix PASSED                                 [ 67%]
test_login_credentials.py::test_credentials PASSED                       [ 68%]
test_login_forgot_password_modern.py::test_login_page_modern PASSED      [ 69%]
test_login_forgot_password_modern.py::test_user_experience PASSED        [ 70%]
test_login_forgot_password_modern.py::test_design_features PASSED        [ 70%]
test_new_chat_system.py::test_health_check PASSED                        [ 71%]
test_new_chat_system.py::test_chat_endpoints PASSED                      [ 72%]
test_new_chat_system.py::test_websocket_connection PASSED                [ 72%]
test_password_validation.py::test_password_validation PASSED             [ 73%]
test_password_validation.py::test_user_info PASSED                       [ 74%]
test_performance_payment.py::test_payment_initiation_performance PASSED  [ 75%]
test_performance_payment.py::test_concurrent_load PASSED                 [ 75%]
test_performance_payment.py::test_notification_performance PASSED        [ 76%]
test_performance_payment.py::test_memory_usage PASSED                    [ 77%]
test_production_mode.py::test_production_mode PASSED                     [ 78%]
test_profile_modernization.py::test_backend_profile_endpoints PASSED     [ 78%]
test_profile_modernization.py::test_technician_profile_endpoints PASSED  [ 79%]
test_profile_modernization.py::test_frontend_profile_page PASSED         [ 80%]
test_profile_modernization.py::test_profile_features PASSED              [ 81%]
test_profile_modernization.py::test_responsive_design PASSED             [ 81%]
test_profile_modernization.py::test_user_experience PASSED               [ 82%]
test_profile_modernization.py::test_security_features PASSED             [ 83%]
test_register_page_modern.py::test_register_page_modern PASSED           [ 83%]
test_register_page_modern.py::test_user_experience PASSED                [ 84%]
test_report_creation.py::test_report_creation PASSED                     [ 85%]
test_reviews_api.py::test_login_and_reviews PASSED                       [ 86%]
test_reviews_complete.py::test_reviews_system PASSED                     [ 86%]
test_security_alerts.py::test_security_alerts PASSED                     [ 87%]
test_security_endpoint.py::test_security_endpoint PASSED                 [ 88%]
test_simple_deduplication.py::test_simple_deduplication PASSED           [ 89%]
test_technician_profile.py::test_technician_profile_api PASSED           [ 89%]
test_technician_profile_complete.py::test_technician_profile_complete PASSED [ 90%]
test_technician_relations.py::test_technician_relations PASSED           [ 91%]
test_technician_request_receiver.py::test_request_creation_and_notification PASSED [ 91%]
test_technician_request_receiver.py::test_technician_notifications PASSED [ 92%]
test_technician_request_receiver.py::test_request_assignment ERROR       [ 93%]
test_technician_request_receiver.py::test_dashboard_integration PASSED   [ 94%]
test_verification_complete.py::test_backend_health PASSED                [ 94%]
test_verification_complete.py::test_frontend_health PASSED               [ 95%]
test_verification_complete.py::test_authentication PASSED                [ 96%]
test_verification_complete.py::test_technician_dashboard PASSED          [ 97%]
test_verification_complete.py::test_client_authentication PASSED         [ 97%]
test_verification_complete.py::test_websocket_connections PASSED         [ 98%]
test_verification_complete.py::test_file_structure PASSED                [ 99%]
test_verification_complete.py::test_package_json PASSED                  [100%]

==================================== ERRORS ====================================
__________________ ERROR at setup of test_websocket_with_auth __________________

client_token = 'eyJhbGciOiJIUzI1NiIsInR5cCI6IkpXVCJ9.eyJ0b2tlbl90eXBlIjoiYWNjZXNzIiwiZXhwIjoxNzUyNTAwMDQ2LCJpYXQiOjE3NTI0OTY0NDYsImp0aSI6IjVhZGQ4ZTdlYjEzOTQ3YjU4ZmE3NDk0NzFkZmY1YzJlIiwidXNlcl9pZCI6Mn0.LW6FCGBaY9_21DjDicT1CSIBl9W8uBdjy8ixeEKN65M'
technician_id = 1

    @pytest.fixture
    def conversation_id(client_token, technician_id):
        # Crée une conversation de test si besoin et retourne son ID
        base_url = "http://127.0.0.1:8000"
        headers = {"Authorization": f"Bearer {client_token}"}
        data = {"technician_id": technician_id}
        resp = requests.post(f"{base_url}/depannage/api/chat/conversations/", json=data, headers=headers)
>       assert resp.status_code in (200, 201), f"Échec création conversation: {resp.text}"
E       AssertionError: Échec création conversation: {"client":["This field is required."],"technician":["This field is required."]}
E       assert 400 in (200, 201)
E        +  where 400 = <Response [400]>.status_code

conftest.py:188: AssertionError
___________________ ERROR at setup of test_review_moderation ___________________

client_token = 'eyJhbGciOiJIUzI1NiIsInR5cCI6IkpXVCJ9.eyJ0b2tlbl90eXBlIjoiYWNjZXNzIiwiZXhwIjoxNzUyNTAwMDQ4LCJpYXQiOjE3NTI0OTY0NDgsImp0aSI6IjM0ZTFlMWVkYjk1MDQ2ODg5NTY2ZDA1MDY1NzRjMGFjIiwidXNlcl9pZCI6Mn0.EzZRFcVlC4lhnv7YjaYxBrFP_9QFEftYuKzcttWfWPg'
technician_id = 1

    @pytest.fixture
    def review_id(client_token, technician_id):
        # Crée un avis de test si besoin et retourne son ID
        base_url = "http://127.0.0.1:8000"
        headers = {"Authorization": f"Bearer {client_token}"}
        # Créer une demande de réparation pour lier l'avis
        req_data = {
            "title": "Test review request",
            "description": "Demande pour test review.",
            "specialty_needed": "plumber",
            "address": "Test Address",
            "latitude": 12.6392,
            "longitude": -8.0029,
            "phone": "+22500000001"
        }
        req_resp = requests.post(f"{base_url}/depannage/api/repair-requests/", json=req_data, headers=headers)
>       assert req_resp.status_code in (200, 201), f"Échec création demande pour review: {req_resp.text}"
E       AssertionError: Échec création demande pour review: <!DOCTYPE html>
E         <html lang="en">
E         <head>
E           <meta http-equiv="content-type" content="text/html; charset=utf-8">
E           <meta name="robots" content="NONE,NOARCHIVE">
E           <title>RelatedObjectDoesNotExist
E                   at /depannage/api/repair-requests/</title>
E           <style>
E             html * { padding:0; margin:0; }
E             body * { padding:10px 20px; }
E             body * * { padding:0; }
E             body { font-family: sans-serif; background-color:#fff; color:#000; }
E             body > :where(header, main, footer) { border-bottom:1px solid #ddd; }
E             h1 { font-weight:normal; }
E             h2 { margin-bottom:.8em; }
E             h3 { margin:1em 0 .5em 0; }
E             h4 { margin:0 0 .5em 0; font-weight: normal; }
E             code, pre { font-size: 100%; white-space: pre-wrap; word-break: break-word; }
E             summary { cursor: pointer; }
E             table { border:1px solid #ccc; border-collapse: collapse; width:100%; background:white; }
E             tbody td, tbody th { vertical-align:top; padding:2px 3px; }
E             thead th {
E               padding:1px 6px 1px 3px; background:#fefefe; text-align:left;
E               font-weight:normal; font-size: 0.6875rem; border:1px solid #ddd;
E             }
E             tbody th { width:12em; text-align:right; color:#666; padding-right:.5em; }
E             table.vars { margin:5px 10px 2px 40px; width: auto; }
E             table.vars td, table.req td { font-family:monospace; }
E             table td.code { width:100%; }
E             table td.code pre { overflow:hidden; }
E             table.source th { color:#666; }
E             table.source td { font-family:monospace; white-space:pre; border-bottom:1px solid #eee; }
E             ul.traceback { list-style-type:none; color: #222; }
E             ul.traceback li.cause { word-break: break-word; }
E             ul.traceback li.frame { padding-bottom:1em; color:#4f4f4f; }
E             ul.traceback li.user { background-color:#e0e0e0; color:#000 }
E             div.context { padding:10px 0; overflow:hidden; }
E             div.context ol { padding-left:30px; margin:0 10px; list-style-position: inside; }
E             div.context ol li { font-family:monospace; white-space:pre; color:#777; cursor:pointer; padding-left: 2px; }
E             div.context ol li pre { display:inline; }
E             div.context ol.context-line li { color:#464646; background-color:#dfdfdf; padding: 3px 2px; }
E             div.context ol.context-line li span { position:absolute; right:32px; }
E             .user div.context ol.context-line li { background-color:#bbb; color:#000; }
E             .user div.context ol li { color:#666; }
E             div.commands, summary.commands { margin-left: 40px; }
E             div.commands a, summary.commands { color:#555; text-decoration:none; }
E             .user div.commands a { color: black; }
E             #summary { background: #ffc; }
E             #summary h2 { font-weight: normal; color: #666; }
E             #info { padding: 0; }
E             #info > * { padding:10px 20px; }
E             #explanation { background:#eee; }
E             #template, #template-not-exist { background:#f6f6f6; }
E             #template-not-exist ul { margin: 0 0 10px 20px; }
E             #template-not-exist .postmortem-section { margin-bottom: 3px; }
E             #unicode-hint { background:#eee; }
E             #traceback { background:#eee; }
E             #requestinfo { background:#f6f6f6; padding-left:120px; }
E             #summary table { border:none; background:transparent; }
E             #requestinfo h2, #requestinfo h3 { position:relative; margin-left:-100px; }
E             #requestinfo h3 { margin-bottom:-1em; }
E             .error { background: #ffc; }
E             .specific { color:#cc3300; font-weight:bold; }
E             h2 span.commands { font-size: 0.7rem; font-weight:normal; }
E             span.commands a:link {color:#5E5694;}
E             pre.exception_value { font-family: sans-serif; color: #575757; font-size: 1.5rem; margin: 10px 0 10px 0; }
E             .append-bottom { margin-bottom: 10px; }
E             .fname { user-select: all; }
E           </style>
E           
E           <script>
E             function hideAll(elems) {
E               for (var e = 0; e < elems.length; e++) {
E                 elems[e].style.display = 'none';
E               }
E             }
E             window.onload = function() {
E               hideAll(document.querySelectorAll('ol.pre-context'));
E               hideAll(document.querySelectorAll('ol.post-context'));
E               hideAll(document.querySelectorAll('div.pastebin'));
E             }
E             function toggle() {
E               for (var i = 0; i < arguments.length; i++) {
E                 var e = document.getElementById(arguments[i]);
E                 if (e) {
E                   e.style.display = e.style.display == 'none' ? 'block': 'none';
E                 }
E               }
E               return false;
E             }
E             function switchPastebinFriendly(link) {
E               s1 = "Switch to copy-and-paste view";
E               s2 = "Switch back to interactive view";
E               link.textContent = link.textContent.trim() == s1 ? s2: s1;
E               toggle('browserTraceback', 'pastebinTraceback');
E               return false;
E             }
E           </script>
E           
E         </head>
E         <body>
E         <header id="summary">
E           <h1>RelatedObjectDoesNotExist
E                at /depannage/api/repair-requests/</h1>
E           <pre class="exception_value">User has no client_profile.</pre>
E           <table class="meta">
E         
E             <tr>
E               <th scope="row">Request Method:</th>
E               <td>POST</td>
E             </tr>
E             <tr>
E               <th scope="row">Request URL:</th>
E               <td>http://127.0.0.1:8000/depannage/api/repair-requests/</td>
E             </tr>
E         
E             <tr>
E               <th scope="row">Django Version:</th>
E               <td>5.2.4</td>
E             </tr>
E         
E             <tr>
E               <th scope="row">Exception Type:</th>
E               <td>RelatedObjectDoesNotExist</td>
E             </tr>
E         
E         
E             <tr>
E               <th scope="row">Exception Value:</th>
E               <td><pre>User has no client_profile.</pre></td>
E             </tr>
E         
E         
E             <tr>
E               <th scope="row">Exception Location:</th>
E               <td><span class="fname">/Users/mohamedbechirdiarra/Downloads/prototypeGamma/Backend/venv/lib/python3.13/site-packages/django/db/models/fields/related_descriptors.py</span>, line 534, in __get__</td>
E             </tr>
E         
E         
E             <tr>
E               <th scope="row">Raised during:</th>
E               <td>depannage.views.RepairRequestViewSet</td>
E             </tr>
E         
E             <tr>
E               <th scope="row">Python Executable:</th>
E               <td>/Users/mohamedbechirdiarra/Downloads/prototypeGamma/Backend/venv/bin/python3.13</td>
E             </tr>
E             <tr>
E               <th scope="row">Python Version:</th>
E               <td>3.13.5</td>
E             </tr>
E             <tr>
E               <th scope="row">Python Path:</th>
E               <td><pre><code>[&#x27;.&#x27;,
E          &#x27;/Users/mohamedbechirdiarra/Downloads/prototypeGamma/Backend/venv/bin&#x27;,
E          &#x27;/Users/mohamedbechirdiarra/Downloads/prototypeGamma&#x27;,
E          &#x27;/Users/mohamedbechirdiarra/Downloads/prototypeGamma/Backend&#x27;,
E          &#x27;/opt/homebrew/Cellar/python@3.13/3.13.5/Frameworks/Python.framework/Versions/3.13/lib/python313.zip&#x27;,
E          &#x27;/opt/homebrew/Cellar/python@3.13/3.13.5/Frameworks/Python.framework/Versions/3.13/lib/python3.13&#x27;,
E          &#x27;/opt/homebrew/Cellar/python@3.13/3.13.5/Frameworks/Python.framework/Versions/3.13/lib/python3.13/lib-dynload&#x27;,
E          &#x27;/Users/mohamedbechirdiarra/Downloads/prototypeGamma/Backend/venv/lib/python3.13/site-packages&#x27;]</code></pre></td>
E             </tr>
E             <tr>
E               <th scope="row">Server time:</th>
E               <td>Mon, 14 Jul 2025 12:34:08 +0000</td>
E             </tr>
E           </table>
E         </header>
E         
E         <main id="info">
E         
E         
E         
E         
E         <div id="traceback">
E           <h2>Traceback <span class="commands"><a href="#" role="button" onclick="return switchPastebinFriendly(this);">
E             Switch to copy-and-paste view</a></span>
E           </h2>
E           <div id="browserTraceback">
E             <ul class="traceback">
E               
E                 
E                 <li class="frame django">
E                   
E                     <code class="fname">/Users/mohamedbechirdiarra/Downloads/prototypeGamma/Backend/venv/lib/python3.13/site-packages/django/core/handlers/exception.py</code>, line 42, in inner
E                   
E         
E                   
E                     <div class="context" id="c4438849792">
E                       
E                         <ol start="35" class="pre-context" id="pre4438849792">
E                         
E                           <li onclick="toggle('pre4438849792', 'post4438849792')"><pre>    can rely on getting a response instead of an exception.</pre></li>
E                         
E                           <li onclick="toggle('pre4438849792', 'post4438849792')"><pre>    &quot;&quot;&quot;</pre></li>
E                         
E                           <li onclick="toggle('pre4438849792', 'post4438849792')"><pre>    if iscoroutinefunction(get_response):</pre></li>
E                         
E                           <li onclick="toggle('pre4438849792', 'post4438849792')"><pre></pre></li>
E                         
E                           <li onclick="toggle('pre4438849792', 'post4438849792')"><pre>        @wraps(get_response)</pre></li>
E                         
E                           <li onclick="toggle('pre4438849792', 'post4438849792')"><pre>        async def inner(request):</pre></li>
E                         
E                           <li onclick="toggle('pre4438849792', 'post4438849792')"><pre>            try:</pre></li>
E                         
E                         </ol>
E                       
E                       <ol start="42" class="context-line">
E                         <li onclick="toggle('pre4438849792', 'post4438849792')"><pre>                response = await get_response(request)
E                                        ^^^^^^^^^^^^^^^^^^^^^^^^^^^</pre> <span>…</span></li>
E                       </ol>
E                       
E                         <ol start='43' class="post-context" id="post4438849792">
E                           
E                           <li onclick="toggle('pre4438849792', 'post4438849792')"><pre>            except Exception as exc:</pre></li>
E                           
E                           <li onclick="toggle('pre4438849792', 'post4438849792')"><pre>                response = await sync_to_async(</pre></li>
E                           
E                           <li onclick="toggle('pre4438849792', 'post4438849792')"><pre>                    response_for_exception, thread_sensitive=False</pre></li>
E                           
E                           <li onclick="toggle('pre4438849792', 'post4438849792')"><pre>                )(request, exc)</pre></li>
E                           
E                           <li onclick="toggle('pre4438849792', 'post4438849792')"><pre>            return response</pre></li>
E                           
E                           <li onclick="toggle('pre4438849792', 'post4438849792')"><pre></pre></li>
E                           
E                       </ol>
E                       
E                     </div>
E                   
E         
E                   
E                     
E                       <details>
E                         <summary class="commands">Local vars</summary>
E                     
E                     <table class="vars" id="v4438849792">
E                       <thead>
E                         <tr>
E                           <th scope="col">Variable</th>
E                           <th scope="col">Value</th>
E                         </tr>
E                       </thead>
E                       <tbody>
E                         
E                           <tr>
E                             <td>exc</td>
E                             <td class="code"><pre>RelatedObjectDoesNotExist(&#x27;User has no client_profile.&#x27;)</pre></td>
E                           </tr>
E                         
E                           <tr>
E                             <td>get_response</td>
E                             <td class="code"><pre>&lt;bound method BaseHandler._get_response_async of &lt;django.core.handlers.asgi.ASGIHandler object at 0x107235940&gt;&gt;</pre></td>
E                           </tr>
E                         
E                           <tr>
E                             <td>request</td>
E                             <td class="code"><pre>&lt;ASGIRequest: POST &#x27;/depannage/api/repair-requests/&#x27;&gt;</pre></td>
E                           </tr>
E                         
E                       </tbody>
E                     </table>
E                     </details>
E                   
E                 </li>
E               
E                 
E                 <li class="frame django">
E                   
E                     <code class="fname">/Users/mohamedbechirdiarra/Downloads/prototypeGamma/Backend/venv/lib/python3.13/site-packages/django/core/handlers/base.py</code>, line 253, in _get_response_async
E                   
E         
E                   
E                     <div class="context" id="c4438489280">
E                       
E                         <ol start="246" class="pre-context" id="pre4438489280">
E                         
E                           <li onclick="toggle('pre4438489280', 'post4438489280')"><pre>            wrapped_callback = self.make_view_atomic(callback)</pre></li>
E                         
E                           <li onclick="toggle('pre4438489280', 'post4438489280')"><pre>            # If it is a synchronous view, run it in a subthread</pre></li>
E                         
E                           <li onclick="toggle('pre4438489280', 'post4438489280')"><pre>            if not iscoroutinefunction(wrapped_callback):</pre></li>
E                         
E                           <li onclick="toggle('pre4438489280', 'post4438489280')"><pre>                wrapped_callback = sync_to_async(</pre></li>
E                         
E                           <li onclick="toggle('pre4438489280', 'post4438489280')"><pre>                    wrapped_callback, thread_sensitive=True</pre></li>
E                         
E                           <li onclick="toggle('pre4438489280', 'post4438489280')"><pre>                )</pre></li>
E                         
E                           <li onclick="toggle('pre4438489280', 'post4438489280')"><pre>            try:</pre></li>
E                         
E                         </ol>
E                       
E                       <ol start="253" class="context-line">
E                         <li onclick="toggle('pre4438489280', 'post4438489280')"><pre>                response = await wrapped_callback(
E                                         </pre> <span>…</span></li>
E                       </ol>
E                       
E                         <ol start='254' class="post-context" id="post4438489280">
E                           
E                           <li onclick="toggle('pre4438489280', 'post4438489280')"><pre>                    request, *callback_args, **callback_kwargs</pre></li>
E                           
E                           <li onclick="toggle('pre4438489280', 'post4438489280')"><pre>                )</pre></li>
E                           
E                           <li onclick="toggle('pre4438489280', 'post4438489280')"><pre>            except Exception as e:</pre></li>
E                           
E                           <li onclick="toggle('pre4438489280', 'post4438489280')"><pre>                response = await sync_to_async(</pre></li>
E                           
E                           <li onclick="toggle('pre4438489280', 'post4438489280')"><pre>                    self.process_exception_by_middleware,</pre></li>
E                           
E                           <li onclick="toggle('pre4438489280', 'post4438489280')"><pre>                    thread_sensitive=True,</pre></li>
E                           
E                       </ol>
E                       
E                     </div>
E                   
E         
E                   
E                     
E                       <details>
E                         <summary class="commands">Local vars</summary>
E                     
E                     <table class="vars" id="v4438489280">
E                       <thead>
E                         <tr>
E                           <th scope="col">Variable</th>
E                           <th scope="col">Value</th>
E                         </tr>
E                       </thead>
E                       <tbody>
E                         
E                           <tr>
E                             <td>callback</td>
E                             <td class="code"><pre>&lt;function RepairRequestViewSet at 0x1081bb6a0&gt;</pre></td>
E                           </tr>
E                         
E                           <tr>
E                             <td>callback_args</td>
E                             <td class="code"><pre>()</pre></td>
E                           </tr>
E                         
E                           <tr>
E                             <td>callback_kwargs</td>
E                             <td class="code"><pre>{}</pre></td>
E                           </tr>
E                         
E                           <tr>
E                             <td>middleware_method</td>
E                             <td class="code"><pre>&lt;asgiref.sync.SyncToAsync object at 0x10727f8c0&gt;</pre></td>
E                           </tr>
E                         
E                           <tr>
E                             <td>request</td>
E                             <td class="code"><pre>&lt;ASGIRequest: POST &#x27;/depannage/api/repair-requests/&#x27;&gt;</pre></td>
E                           </tr>
E                         
E                           <tr>
E                             <td>response</td>
E                             <td class="code"><pre>None</pre></td>
E                           </tr>
E                         
E                           <tr>
E                             <td>self</td>
E                             <td class="code"><pre>&lt;django.core.handlers.asgi.ASGIHandler object at 0x107235940&gt;</pre></td>
E                           </tr>
E                         
E                           <tr>
E                             <td>wrapped_callback</td>
E                             <td class="code"><pre>&lt;asgiref.sync.SyncToAsync object at 0x10847ec60&gt;</pre></td>
E                           </tr>
E                         
E                       </tbody>
E                     </table>
E                     </details>
E                   
E                 </li>
E               
E                 
E                 <li class="frame django">
E                   
E                     <code class="fname">/Users/mohamedbechirdiarra/Downloads/prototypeGamma/Backend/venv/lib/python3.13/site-packages/django/views/decorators/csrf.py</code>, line 65, in _view_wrapper
E                   
E         
E                   
E                     <div class="context" id="c4438845184">
E                       
E                         <ol start="58" class="pre-context" id="pre4438845184">
E                         
E                           <li onclick="toggle('pre4438845184', 'post4438845184')"><pre></pre></li>
E                         
E                           <li onclick="toggle('pre4438845184', 'post4438845184')"><pre>        async def _view_wrapper(request, *args, **kwargs):</pre></li>
E                         
E                           <li onclick="toggle('pre4438845184', 'post4438845184')"><pre>            return await view_func(request, *args, **kwargs)</pre></li>
E                         
E                           <li onclick="toggle('pre4438845184', 'post4438845184')"><pre></pre></li>
E                         
E                           <li onclick="toggle('pre4438845184', 'post4438845184')"><pre>    else:</pre></li>
E                         
E                           <li onclick="toggle('pre4438845184', 'post4438845184')"><pre></pre></li>
E                         
E                           <li onclick="toggle('pre4438845184', 'post4438845184')"><pre>        def _view_wrapper(request, *args, **kwargs):</pre></li>
E                         
E                         </ol>
E                       
E                       <ol start="65" class="context-line">
E                         <li onclick="toggle('pre4438845184', 'post4438845184')"><pre>            return view_func(request, *args, **kwargs)
E                                ^^^^^^^^^^^^^^^^^^^^^^^^^^^^^^^^^^^</pre> <span>…</span></li>
E                       </ol>
E                       
E                         <ol start='66' class="post-context" id="post4438845184">
E                           
E                           <li onclick="toggle('pre4438845184', 'post4438845184')"><pre></pre></li>
E                           
E                           <li onclick="toggle('pre4438845184', 'post4438845184')"><pre>    _view_wrapper.csrf_exempt = True</pre></li>
E                           
E                           <li onclick="toggle('pre4438845184', 'post4438845184')"><pre></pre></li>
E                           
E                           <li onclick="toggle('pre4438845184', 'post4438845184')"><pre>    return wraps(view_func)(_view_wrapper)</pre></li>
E                           
E                       </ol>
E                       
E                     </div>
E                   
E         
E                   
E                     
E                       <details>
E                         <summary class="commands">Local vars</summary>
E                     
E                     <table class="vars" id="v4438845184">
E                       <thead>
E                         <tr>
E                           <th scope="col">Variable</th>
E                           <th scope="col">Value</th>
E                         </tr>
E                       </thead>
E                       <tbody>
E                         
E                           <tr>
E                             <td>args</td>
E                             <td class="code"><pre>()</pre></td>
E                           </tr>
E                         
E                           <tr>
E                             <td>kwargs</td>
E                             <td class="code"><pre>{}</pre></td>
E                           </tr>
E                         
E                           <tr>
E                             <td>request</td>
E                             <td class="code"><pre>&lt;ASGIRequest: POST &#x27;/depannage/api/repair-requests/&#x27;&gt;</pre></td>
E                           </tr>
E                         
E                           <tr>
E                             <td>view_func</td>
E                             <td class="code"><pre>&lt;function RepairRequestViewSet at 0x1081bb600&gt;</pre></td>
E                           </tr>
E                         
E                       </tbody>
E                     </table>
E                     </details>
E                   
E                 </li>
E               
E                 
E                 <li class="frame django">
E                   
E                     <code class="fname">/Users/mohamedbechirdiarra/Downloads/prototypeGamma/Backend/venv/lib/python3.13/site-packages/django/views/decorators/csrf.py</code>, line 65, in _view_wrapper
E                   
E         
E                   
E                     <div class="context" id="c4438848640">
E                       
E                         <ol start="58" class="pre-context" id="pre4438848640">
E                         
E                           <li onclick="toggle('pre4438848640', 'post4438848640')"><pre></pre></li>
E                         
E                           <li onclick="toggle('pre4438848640', 'post4438848640')"><pre>        async def _view_wrapper(request, *args, **kwargs):</pre></li>
E                         
E                           <li onclick="toggle('pre4438848640', 'post4438848640')"><pre>            return await view_func(request, *args, **kwargs)</pre></li>
E                         
E                           <li onclick="toggle('pre4438848640', 'post4438848640')"><pre></pre></li>
E                         
E                           <li onclick="toggle('pre4438848640', 'post4438848640')"><pre>    else:</pre></li>
E                         
E                           <li onclick="toggle('pre4438848640', 'post4438848640')"><pre></pre></li>
E                         
E                           <li onclick="toggle('pre4438848640', 'post4438848640')"><pre>        def _view_wrapper(request, *args, **kwargs):</pre></li>
E                         
E                         </ol>
E                       
E                       <ol start="65" class="context-line">
E                         <li onclick="toggle('pre4438848640', 'post4438848640')"><pre>            return view_func(request, *args, **kwargs)
E                                ^^^^^^^^^^^^^^^^^^^^^^^^^^^^^^^^^^^</pre> <span>…</span></li>
E                       </ol>
E                       
E                         <ol start='66' class="post-context" id="post4438848640">
E                           
E                           <li onclick="toggle('pre4438848640', 'post4438848640')"><pre></pre></li>
E                           
E                           <li onclick="toggle('pre4438848640', 'post4438848640')"><pre>    _view_wrapper.csrf_exempt = True</pre></li>
E                           
E                           <li onclick="toggle('pre4438848640', 'post4438848640')"><pre></pre></li>
E                           
E                           <li onclick="toggle('pre4438848640', 'post4438848640')"><pre>    return wraps(view_func)(_view_wrapper)</pre></li>
E                           
E                       </ol>
E                       
E                     </div>
E                   
E         
E                   
E                     
E                       <details>
E                         <summary class="commands">Local vars</summary>
E                     
E                     <table class="vars" id="v4438848640">
E                       <thead>
E                         <tr>
E                           <th scope="col">Variable</th>
E                           <th scope="col">Value</th>
E                         </tr>
E                       </thead>
E                       <tbody>
E                         
E                           <tr>
E                             <td>args</td>
E                             <td class="code"><pre>()</pre></td>
E                           </tr>
E                         
E                           <tr>
E                             <td>kwargs</td>
E                             <td class="code"><pre>{}</pre></td>
E                           </tr>
E                         
E                           <tr>
E                             <td>request</td>
E                             <td class="code"><pre>&lt;ASGIRequest: POST &#x27;/depannage/api/repair-requests/&#x27;&gt;</pre></td>
E                           </tr>
E                         
E                           <tr>
E                             <td>view_func</td>
E                             <td class="code"><pre>&lt;function RepairRequestViewSet at 0x1081bb560&gt;</pre></td>
E                           </tr>
E                         
E                       </tbody>
E                     </table>
E                     </details>
E                   
E                 </li>
E               
E                 
E                 <li class="frame user">
E                   
E                     <code class="fname">/Users/mohamedbechirdiarra/Downloads/prototypeGamma/Backend/venv/lib/python3.13/site-packages/rest_framework/viewsets.py</code>, line 125, in view
E                   
E         
E                   
E                     <div class="context" id="c4437993472">
E                       
E                         <ol start="118" class="pre-context" id="pre4437993472">
E                         
E                           <li onclick="toggle('pre4437993472', 'post4437993472')"><pre>                setattr(self, method, handler)</pre></li>
E                         
E                           <li onclick="toggle('pre4437993472', 'post4437993472')"><pre></pre></li>
E                         
E                           <li onclick="toggle('pre4437993472', 'post4437993472')"><pre>            self.request = request</pre></li>
E                         
E                           <li onclick="toggle('pre4437993472', 'post4437993472')"><pre>            self.args = args</pre></li>
E                         
E                           <li onclick="toggle('pre4437993472', 'post4437993472')"><pre>            self.kwargs = kwargs</pre></li>
E                         
E                           <li onclick="toggle('pre4437993472', 'post4437993472')"><pre></pre></li>
E                         
E                           <li onclick="toggle('pre4437993472', 'post4437993472')"><pre>            # And continue as usual</pre></li>
E                         
E                         </ol>
E                       
E                       <ol start="125" class="context-line">
E                         <li onclick="toggle('pre4437993472', 'post4437993472')"><pre>            return self.dispatch(request, *args, **kwargs)
E                                 ^^^^^^^^^^^^^^^^^^^^^^^^^^^^^^^^^^^^^^^</pre> <span>…</span></li>
E                       </ol>
E                       
E                         <ol start='126' class="post-context" id="post4437993472">
E                           
E                           <li onclick="toggle('pre4437993472', 'post4437993472')"><pre></pre></li>
E                           
E                           <li onclick="toggle('pre4437993472', 'post4437993472')"><pre>        # take name and docstring from class</pre></li>
E                           
E                           <li onclick="toggle('pre4437993472', 'post4437993472')"><pre>        update_wrapper(view, cls, updated=())</pre></li>
E                           
E                           <li onclick="toggle('pre4437993472', 'post4437993472')"><pre></pre></li>
E                           
E                           <li onclick="toggle('pre4437993472', 'post4437993472')"><pre>        # and possible attributes set by decorators</pre></li>
E                           
E                           <li onclick="toggle('pre4437993472', 'post4437993472')"><pre>        # like csrf_exempt from dispatch</pre></li>
E                           
E                       </ol>
E                       
E                     </div>
E                   
E         
E                   
E                     
E                       <details>
E                         <summary class="commands">Local vars</summary>
E                     
E                     <table class="vars" id="v4437993472">
E                       <thead>
E                         <tr>
E                           <th scope="col">Variable</th>
E                           <th scope="col">Value</th>
E                         </tr>
E                       </thead>
E                       <tbody>
E                         
E                           <tr>
E                             <td>action</td>
E                             <td class="code"><pre>&#x27;list&#x27;</pre></td>
E                           </tr>
E                         
E                           <tr>
E                             <td>actions</td>
E                             <td class="code"><pre>{&#x27;get&#x27;: &#x27;list&#x27;, &#x27;head&#x27;: &#x27;list&#x27;, &#x27;post&#x27;: &#x27;create&#x27;}</pre></td>
E                           </tr>
E                         
E                           <tr>
E                             <td>args</td>
E                             <td class="code"><pre>()</pre></td>
E                           </tr>
E                         
E                           <tr>
E                             <td>cls</td>
E                             <td class="code"><pre>&lt;class &#x27;depannage.views.RepairRequestViewSet&#x27;&gt;</pre></td>
E                           </tr>
E                         
E                           <tr>
E                             <td>handler</td>
E                             <td class="code"><pre>&lt;bound method ListModelMixin.list of &lt;depannage.views.RepairRequestViewSet object at 0x10847e6c0&gt;&gt;</pre></td>
E                           </tr>
E                         
E                           <tr>
E                             <td>initkwargs</td>
E                             <td class="code"><pre>{&#x27;basename&#x27;: &#x27;repair-request&#x27;, &#x27;detail&#x27;: False, &#x27;suffix&#x27;: &#x27;List&#x27;}</pre></td>
E                           </tr>
E                         
E                           <tr>
E                             <td>kwargs</td>
E                             <td class="code"><pre>{}</pre></td>
E                           </tr>
E                         
E                           <tr>
E                             <td>method</td>
E                             <td class="code"><pre>&#x27;head&#x27;</pre></td>
E                           </tr>
E                         
E                           <tr>
E                             <td>request</td>
E                             <td class="code"><pre>&lt;ASGIRequest: POST &#x27;/depannage/api/repair-requests/&#x27;&gt;</pre></td>
E                           </tr>
E                         
E                           <tr>
E                             <td>self</td>
E                             <td class="code"><pre>&lt;depannage.views.RepairRequestViewSet object at 0x10847e6c0&gt;</pre></td>
E                           </tr>
E                         
E                       </tbody>
E                     </table>
E                     </details>
E                   
E                 </li>
E               
E                 
E                 <li class="frame user">
E                   
E                     <code class="fname">/Users/mohamedbechirdiarra/Downloads/prototypeGamma/Backend/venv/lib/python3.13/site-packages/rest_framework/views.py</code>, line 515, in dispatch
E                   
E         
E                   
E                     <div class="context" id="c4438839424">
E                       
E                         <ol start="508" class="pre-context" id="pre4438839424">
E                         
E                           <li onclick="toggle('pre4438839424', 'post4438839424')"><pre>                                  self.http_method_not_allowed)</pre></li>
E                         
E                           <li onclick="toggle('pre4438839424', 'post4438839424')"><pre>            else:</pre></li>
E                         
E                           <li onclick="toggle('pre4438839424', 'post4438839424')"><pre>                handler = self.http_method_not_allowed</pre></li>
E                         
E                           <li onclick="toggle('pre4438839424', 'post4438839424')"><pre></pre></li>
E                         
E                           <li onclick="toggle('pre4438839424', 'post4438839424')"><pre>            response = handler(request, *args, **kwargs)</pre></li>
E                         
E                           <li onclick="toggle('pre4438839424', 'post4438839424')"><pre></pre></li>
E                         
E                           <li onclick="toggle('pre4438839424', 'post4438839424')"><pre>        except Exception as exc:</pre></li>
E                         
E                         </ol>
E                       
E                       <ol start="515" class="context-line">
E                         <li onclick="toggle('pre4438839424', 'post4438839424')"><pre>            response = self.handle_exception(exc)
E                                     ^^^^^^^^^^^^^^^^^^^^^^^^^^</pre> <span>…</span></li>
E                       </ol>
E                       
E                         <ol start='516' class="post-context" id="post4438839424">
E                           
E                           <li onclick="toggle('pre4438839424', 'post4438839424')"><pre></pre></li>
E                           
E                           <li onclick="toggle('pre4438839424', 'post4438839424')"><pre>        self.response = self.finalize_response(request, response, *args, **kwargs)</pre></li>
E                           
E                           <li onclick="toggle('pre4438839424', 'post4438839424')"><pre>        return self.response</pre></li>
E                           
E                           <li onclick="toggle('pre4438839424', 'post4438839424')"><pre></pre></li>
E                           
E                           <li onclick="toggle('pre4438839424', 'post4438839424')"><pre>    def options(self, request, *args, **kwargs):</pre></li>
E                           
E                           <li onclick="toggle('pre4438839424', 'post4438839424')"><pre>        &quot;&quot;&quot;</pre></li>
E                           
E                       </ol>
E                       
E                     </div>
E                   
E         
E                   
E                     
E                       <details>
E                         <summary class="commands">Local vars</summary>
E                     
E                     <table class="vars" id="v4438839424">
E                       <thead>
E                         <tr>
E                           <th scope="col">Variable</th>
E                           <th scope="col">Value</th>
E                         </tr>
E                       </thead>
E                       <tbody>
E                         
E                           <tr>
E                             <td>args</td>
E                             <td class="code"><pre>()</pre></td>
E                           </tr>
E                         
E                           <tr>
E                             <td>handler</td>
E                             <td class="code"><pre>&lt;bound method CreateModelMixin.create of &lt;depannage.views.RepairRequestViewSet object at 0x10847e6c0&gt;&gt;</pre></td>
E                           </tr>
E                         
E                           <tr>
E                             <td>kwargs</td>
E                             <td class="code"><pre>{}</pre></td>
E                           </tr>
E                         
E                           <tr>
E                             <td>request</td>
E                             <td class="code"><pre>&lt;rest_framework.request.Request: POST &#x27;/depannage/api/repair-requests/&#x27;&gt;</pre></td>
E                           </tr>
E                         
E                           <tr>
E                             <td>self</td>
E                             <td class="code"><pre>&lt;depannage.views.RepairRequestViewSet object at 0x10847e6c0&gt;</pre></td>
E                           </tr>
E                         
E                       </tbody>
E                     </table>
E                     </details>
E                   
E                 </li>
E               
E                 
E                 <li class="frame user">
E                   
E                     <code class="fname">/Users/mohamedbechirdiarra/Downloads/prototypeGamma/Backend/venv/lib/python3.13/site-packages/rest_framework/views.py</code>, line 475, in handle_exception
E                   
E         
E                   
E                     <div class="context" id="c4433877696">
E                       
E                         <ol start="468" class="pre-context" id="pre4433877696">
E                         
E                           <li onclick="toggle('pre4433877696', 'post4433877696')"><pre></pre></li>
E                         
E                           <li onclick="toggle('pre4433877696', 'post4433877696')"><pre>        exception_handler = self.get_exception_handler()</pre></li>
E                         
E                           <li onclick="toggle('pre4433877696', 'post4433877696')"><pre></pre></li>
E                         
E                           <li onclick="toggle('pre4433877696', 'post4433877696')"><pre>        context = self.get_exception_handler_context()</pre></li>
E                         
E                           <li onclick="toggle('pre4433877696', 'post4433877696')"><pre>        response = exception_handler(exc, context)</pre></li>
E                         
E                           <li onclick="toggle('pre4433877696', 'post4433877696')"><pre></pre></li>
E                         
E                           <li onclick="toggle('pre4433877696', 'post4433877696')"><pre>        if response is None:</pre></li>
E                         
E                         </ol>
E                       
E                       <ol start="475" class="context-line">
E                         <li onclick="toggle('pre4433877696', 'post4433877696')"><pre>            self.raise_uncaught_exception(exc)
E                          ^^^^^^^^^^^^^^^^^^^^^^^^^^^^^^^^^^</pre> <span>…</span></li>
E                       </ol>
E                       
E                         <ol start='476' class="post-context" id="post4433877696">
E                           
E                           <li onclick="toggle('pre4433877696', 'post4433877696')"><pre></pre></li>
E                           
E                           <li onclick="toggle('pre4433877696', 'post4433877696')"><pre>        response.exception = True</pre></li>
E                           
E                           <li onclick="toggle('pre4433877696', 'post4433877696')"><pre>        return response</pre></li>
E                           
E                           <li onclick="toggle('pre4433877696', 'post4433877696')"><pre></pre></li>
E                           
E                           <li onclick="toggle('pre4433877696', 'post4433877696')"><pre>    def raise_uncaught_exception(self, exc):</pre></li>
E                           
E                           <li onclick="toggle('pre4433877696', 'post4433877696')"><pre>        if settings.DEBUG:</pre></li>
E                           
E                       </ol>
E                       
E                     </div>
E                   
E         
E                   
E                     
E                       <details>
E                         <summary class="commands">Local vars</summary>
E                     
E                     <table class="vars" id="v4433877696">
E                       <thead>
E                         <tr>
E                           <th scope="col">Variable</th>
E                           <th scope="col">Value</th>
E                         </tr>
E                       </thead>
E                       <tbody>
E                         
E                           <tr>
E                             <td>context</td>
E                             <td class="code"><pre>{&#x27;args&#x27;: (),
E          &#x27;kwargs&#x27;: {},
E          &#x27;request&#x27;: &lt;rest_framework.request.Request: POST &#x27;/depannage/api/repair-requests/&#x27;&gt;,
E          &#x27;view&#x27;: &lt;depannage.views.RepairRequestViewSet object at 0x10847e6c0&gt;}</pre></td>
E                           </tr>
E                         
E                           <tr>
E                             <td>exc</td>
E                             <td class="code"><pre>RelatedObjectDoesNotExist(&#x27;User has no client_profile.&#x27;)</pre></td>
E                           </tr>
E                         
E                           <tr>
E                             <td>exception_handler</td>
E                             <td class="code"><pre>&lt;function exception_handler at 0x10770f100&gt;</pre></td>
E                           </tr>
E                         
E                           <tr>
E                             <td>response</td>
E                             <td class="code"><pre>None</pre></td>
E                           </tr>
E                         
E                           <tr>
E                             <td>self</td>
E                             <td class="code"><pre>&lt;depannage.views.RepairRequestViewSet object at 0x10847e6c0&gt;</pre></td>
E                           </tr>
E                         
E                       </tbody>
E                     </table>
E                     </details>
E                   
E                 </li>
E               
E                 
E                 <li class="frame user">
E                   
E                     <code class="fname">/Users/mohamedbechirdiarra/Downloads/prototypeGamma/Backend/venv/lib/python3.13/site-packages/rest_framework/views.py</code>, line 486, in raise_uncaught_exception
E                   
E         
E                   
E                     <div class="context" id="c4439054592">
E                       
E                         <ol start="479" class="pre-context" id="pre4439054592">
E                         
E                           <li onclick="toggle('pre4439054592', 'post4439054592')"><pre></pre></li>
E                         
E                           <li onclick="toggle('pre4439054592', 'post4439054592')"><pre>    def raise_uncaught_exception(self, exc):</pre></li>
E                         
E                           <li onclick="toggle('pre4439054592', 'post4439054592')"><pre>        if settings.DEBUG:</pre></li>
E                         
E                           <li onclick="toggle('pre4439054592', 'post4439054592')"><pre>            request = self.request</pre></li>
E                         
E                           <li onclick="toggle('pre4439054592', 'post4439054592')"><pre>            renderer_format = getattr(request.accepted_renderer, &#x27;format&#x27;)</pre></li>
E                         
E                           <li onclick="toggle('pre4439054592', 'post4439054592')"><pre>            use_plaintext_traceback = renderer_format not in (&#x27;html&#x27;, &#x27;api&#x27;, &#x27;admin&#x27;)</pre></li>
E                         
E                           <li onclick="toggle('pre4439054592', 'post4439054592')"><pre>            request.force_plaintext_errors(use_plaintext_traceback)</pre></li>
E                         
E                         </ol>
E                       
E                       <ol start="486" class="context-line">
E                         <li onclick="toggle('pre4439054592', 'post4439054592')"><pre>        raise exc
E                      ^^^^^^^^^</pre> <span>…</span></li>
E                       </ol>
E                       
E                         <ol start='487' class="post-context" id="post4439054592">
E                           
E                           <li onclick="toggle('pre4439054592', 'post4439054592')"><pre></pre></li>
E                           
E                           <li onclick="toggle('pre4439054592', 'post4439054592')"><pre>    # Note: Views are made CSRF exempt from within `as_view` as to prevent</pre></li>
E                           
E                           <li onclick="toggle('pre4439054592', 'post4439054592')"><pre>    # accidental removal of this exemption in cases where `dispatch` needs to</pre></li>
E                           
E                           <li onclick="toggle('pre4439054592', 'post4439054592')"><pre>    # be overridden.</pre></li>
E                           
E                           <li onclick="toggle('pre4439054592', 'post4439054592')"><pre>    def dispatch(self, request, *args, **kwargs):</pre></li>
E                           
E                           <li onclick="toggle('pre4439054592', 'post4439054592')"><pre>        &quot;&quot;&quot;</pre></li>
E                           
E                       </ol>
E                       
E                     </div>
E                   
E         
E                   
E                     
E                       <details>
E                         <summary class="commands">Local vars</summary>
E                     
E                     <table class="vars" id="v4439054592">
E                       <thead>
E                         <tr>
E                           <th scope="col">Variable</th>
E                           <th scope="col">Value</th>
E                         </tr>
E                       </thead>
E                       <tbody>
E                         
E                           <tr>
E                             <td>exc</td>
E                             <td class="code"><pre>RelatedObjectDoesNotExist(&#x27;User has no client_profile.&#x27;)</pre></td>
E                           </tr>
E                         
E                           <tr>
E                             <td>renderer_format</td>
E                             <td class="code"><pre>&#x27;json&#x27;</pre></td>
E                           </tr>
E                         
E                           <tr>
E                             <td>request</td>
E                             <td class="code"><pre>&lt;rest_framework.request.Request: POST &#x27;/depannage/api/repair-requests/&#x27;&gt;</pre></td>
E                           </tr>
E                         
E                           <tr>
E                             <td>self</td>
E                             <td class="code"><pre>&lt;depannage.views.RepairRequestViewSet object at 0x10847e6c0&gt;</pre></td>
E                           </tr>
E                         
E                           <tr>
E                             <td>use_plaintext_traceback</td>
E                             <td class="code"><pre>True</pre></td>
E                           </tr>
E                         
E                       </tbody>
E                     </table>
E                     </details>
E                   
E                 </li>
E               
E                 
E                 <li class="frame user">
E                   
E                     <code class="fname">/Users/mohamedbechirdiarra/Downloads/prototypeGamma/Backend/venv/lib/python3.13/site-packages/rest_framework/views.py</code>, line 512, in dispatch
E                   
E         
E                   
E                     <div class="context" id="c4439170688">
E                       
E                         <ol start="505" class="pre-context" id="pre4439170688">
E                         
E                           <li onclick="toggle('pre4439170688', 'post4439170688')"><pre>            # Get the appropriate handler method</pre></li>
E                         
E                           <li onclick="toggle('pre4439170688', 'post4439170688')"><pre>            if request.method.lower() in self.http_method_names:</pre></li>
E                         
E                           <li onclick="toggle('pre4439170688', 'post4439170688')"><pre>                handler = getattr(self, request.method.lower(),</pre></li>
E                         
E                           <li onclick="toggle('pre4439170688', 'post4439170688')"><pre>                                  self.http_method_not_allowed)</pre></li>
E                         
E                           <li onclick="toggle('pre4439170688', 'post4439170688')"><pre>            else:</pre></li>
E                         
E                           <li onclick="toggle('pre4439170688', 'post4439170688')"><pre>                handler = self.http_method_not_allowed</pre></li>
E                         
E                           <li onclick="toggle('pre4439170688', 'post4439170688')"><pre></pre></li>
E                         
E                         </ol>
E                       
E                       <ol start="512" class="context-line">
E                         <li onclick="toggle('pre4439170688', 'post4439170688')"><pre>            response = handler(request, *args, **kwargs)
E                                     ^^^^^^^^^^^^^^^^^^^^^^^^^^^^^^^^^</pre> <span>…</span></li>
E                       </ol>
E                       
E                         <ol start='513' class="post-context" id="post4439170688">
E                           
E                           <li onclick="toggle('pre4439170688', 'post4439170688')"><pre></pre></li>
E                           
E                           <li onclick="toggle('pre4439170688', 'post4439170688')"><pre>        except Exception as exc:</pre></li>
E                           
E                           <li onclick="toggle('pre4439170688', 'post4439170688')"><pre>            response = self.handle_exception(exc)</pre></li>
E                           
E                           <li onclick="toggle('pre4439170688', 'post4439170688')"><pre></pre></li>
E                           
E                           <li onclick="toggle('pre4439170688', 'post4439170688')"><pre>        self.response = self.finalize_response(request, response, *args, **kwargs)</pre></li>
E                           
E                           <li onclick="toggle('pre4439170688', 'post4439170688')"><pre>        return self.response</pre></li>
E                           
E                       </ol>
E                       
E                     </div>
E                   
E         
E                   
E                     
E                       <details>
E                         <summary class="commands">Local vars</summary>
E                     
E                     <table class="vars" id="v4439170688">
E                       <thead>
E                         <tr>
E                           <th scope="col">Variable</th>
E                           <th scope="col">Value</th>
E                         </tr>
E                       </thead>
E                       <tbody>
E                         
E                           <tr>
E                             <td>args</td>
E                             <td class="code"><pre>()</pre></td>
E                           </tr>
E                         
E                           <tr>
E                             <td>handler</td>
E                             <td class="code"><pre>&lt;bound method CreateModelMixin.create of &lt;depannage.views.RepairRequestViewSet object at 0x10847e6c0&gt;&gt;</pre></td>
E                           </tr>
E                         
E                           <tr>
E                             <td>kwargs</td>
E                             <td class="code"><pre>{}</pre></td>
E                           </tr>
E                         
E                           <tr>
E                             <td>request</td>
E                             <td class="code"><pre>&lt;rest_framework.request.Request: POST &#x27;/depannage/api/repair-requests/&#x27;&gt;</pre></td>
E                           </tr>
E                         
E                           <tr>
E                             <td>self</td>
E                             <td class="code"><pre>&lt;depannage.views.RepairRequestViewSet object at 0x10847e6c0&gt;</pre></td>
E                           </tr>
E                         
E                       </tbody>
E                     </table>
E                     </details>
E                   
E                 </li>
E               
E                 
E                 <li class="frame user">
E                   
E                     <code class="fname">/Users/mohamedbechirdiarra/Downloads/prototypeGamma/Backend/venv/lib/python3.13/site-packages/rest_framework/mixins.py</code>, line 19, in create
E                   
E         
E                   
E                     <div class="context" id="c4439167424">
E                       
E                         <ol start="12" class="pre-context" id="pre4439167424">
E                         
E                           <li onclick="toggle('pre4439167424', 'post4439167424')"><pre>class CreateModelMixin:</pre></li>
E                         
E                           <li onclick="toggle('pre4439167424', 'post4439167424')"><pre>    &quot;&quot;&quot;</pre></li>
E                         
E                           <li onclick="toggle('pre4439167424', 'post4439167424')"><pre>    Create a model instance.</pre></li>
E                         
E                           <li onclick="toggle('pre4439167424', 'post4439167424')"><pre>    &quot;&quot;&quot;</pre></li>
E                         
E                           <li onclick="toggle('pre4439167424', 'post4439167424')"><pre>    def create(self, request, *args, **kwargs):</pre></li>
E                         
E                           <li onclick="toggle('pre4439167424', 'post4439167424')"><pre>        serializer = self.get_serializer(data=request.data)</pre></li>
E                         
E                           <li onclick="toggle('pre4439167424', 'post4439167424')"><pre>        serializer.is_valid(raise_exception=True)</pre></li>
E                         
E                         </ol>
E                       
E                       <ol start="19" class="context-line">
E                         <li onclick="toggle('pre4439167424', 'post4439167424')"><pre>        self.perform_create(serializer)
E                     ^^^^^^^^^^^^^^^^^^^^^^^^^^^^^^^</pre> <span>…</span></li>
E                       </ol>
E                       
E                         <ol start='20' class="post-context" id="post4439167424">
E                           
E                           <li onclick="toggle('pre4439167424', 'post4439167424')"><pre>        headers = self.get_success_headers(serializer.data)</pre></li>
E                           
E                           <li onclick="toggle('pre4439167424', 'post4439167424')"><pre>        return Response(serializer.data, status=status.HTTP_201_CREATED, headers=headers)</pre></li>
E                           
E                           <li onclick="toggle('pre4439167424', 'post4439167424')"><pre></pre></li>
E                           
E                           <li onclick="toggle('pre4439167424', 'post4439167424')"><pre>    def perform_create(self, serializer):</pre></li>
E                           
E                           <li onclick="toggle('pre4439167424', 'post4439167424')"><pre>        serializer.save()</pre></li>
E                           
E                           <li onclick="toggle('pre4439167424', 'post4439167424')"><pre></pre></li>
E                           
E                       </ol>
E                       
E                     </div>
E                   
E         
E                   
E                     
E                       <details>
E                         <summary class="commands">Local vars</summary>
E                     
E                     <table class="vars" id="v4439167424">
E                       <thead>
E                         <tr>
E                           <th scope="col">Variable</th>
E                           <th scope="col">Value</th>
E                         </tr>
E                       </thead>
E                       <tbody>
E                         
E                           <tr>
E                             <td>args</td>
E                             <td class="code"><pre>()</pre></td>
E                           </tr>
E                         
E                           <tr>
E                             <td>kwargs</td>
E                             <td class="code"><pre>{}</pre></td>
E                           </tr>
E                         
E                           <tr>
E                             <td>request</td>
E                             <td class="code"><pre>&lt;rest_framework.request.Request: POST &#x27;/depannage/api/repair-requests/&#x27;&gt;</pre></td>
E                           </tr>
E                         
E                           <tr>
E                             <td>self</td>
E                             <td class="code"><pre>&lt;depannage.views.RepairRequestViewSet object at 0x10847e6c0&gt;</pre></td>
E                           </tr>
E                         
E                           <tr>
E                             <td>serializer</td>
E                             <td class="code"><pre>RepairRequestCreateSerializer(context={&#x27;request&#x27;: &lt;rest_framework.request.Request: POST &#x27;/depannage/api/repair-requests/&#x27;&gt;, &#x27;format&#x27;: None, &#x27;view&#x27;: &lt;depannage.views.RepairRequestViewSet object&gt;}, data={&#x27;title&#x27;: &#x27;Test review request&#x27;, &#x27;description&#x27;: &#x27;Demande pour test review.&#x27;, &#x27;specialty_needed&#x27;: &#x27;plumber&#x27;, &#x27;address&#x27;: &#x27;Test Address&#x27;, &#x27;latitude&#x27;: 12.6392, &#x27;longitude&#x27;: -8.0029, &#x27;phone&#x27;: &#x27;+22500000001&#x27;}):
E             title = CharField(label=&#x27;Titre&#x27;, max_length=200, required=False)
E             description = CharField(allow_blank=True, allow_null=True, label=&#x27;Description détaillée&#x27;, required=False, style={&#x27;base_template&#x27;: &#x27;textarea.html&#x27;})
E             address = CharField(label=&quot;Adresse d&#x27;intervention&quot;, style={&#x27;base_template&#x27;: &#x27;textarea.html&#x27;})
E             specialty_needed = ChoiceField(choices=[(&#x27;electrician&#x27;, &#x27;Électricien&#x27;), (&#x27;plumber&#x27;, &#x27;Plombier&#x27;), (&#x27;mechanic&#x27;, &#x27;Mécanicien&#x27;), (&#x27;it&#x27;, &#x27;Informatique&#x27;), (&#x27;air_conditioning&#x27;, &#x27;Climatisation&#x27;), (&#x27;appliance_repair&#x27;, &#x27;Électroménager&#x27;), (&#x27;locksmith&#x27;, &#x27;Serrurier&#x27;), (&#x27;other&#x27;, &#x27;Autre&#x27;)], label=&#x27;Spécialité requise&#x27;, required=False)
E             priority = ChoiceField(choices=[(&#x27;low&#x27;, &#x27;Basse&#x27;), (&#x27;medium&#x27;, &#x27;Moyenne&#x27;), (&#x27;high&#x27;, &#x27;Haute&#x27;), (&#x27;urgent&#x27;, &#x27;Urgente&#x27;)], label=&#x27;Priorité&#x27;, required=False)
E             estimated_price = DecimalField(allow_null=True, decimal_places=2, label=&#x27;Prix estimé&#x27;, max_digits=10, required=False)
E             urgency_level = ChoiceField(choices=[(&#x27;normal&#x27;, &#x27;Normal (48h)&#x27;), (&#x27;same_day&#x27;, &#x27;Dans la journée&#x27;), (&#x27;urgent&#x27;, &#x27;Urgent (2h)&#x27;), (&#x27;sos&#x27;, &#x27;SOS (30min)&#x27;)], required=False)
E             min_experience_level = ChoiceField(choices=[(&#x27;junior&#x27;, &#x27;Junior (0-2 ans)&#x27;), (&#x27;intermediate&#x27;, &#x27;Intermédiaire (2-5 ans)&#x27;), (&#x27;senior&#x27;, &#x27;Senior (5-10 ans)&#x27;), (&#x27;expert&#x27;, &#x27;Expert (10+ ans)&#x27;)], required=False)
E             min_rating = IntegerField(max_value=5, min_value=1, required=False)
E             latitude = FloatField(required=False)
E             longitude = FloatField(required=False)
E             is_urgent = BooleanField(required=False, write_only=True)
E             city = CharField(required=False, write_only=True)
E             postalCode = CharField(required=False, write_only=True)
E             date = DateField(required=False, write_only=True)
E             time = TimeField(required=False, write_only=True)
E             service_type = CharField(required=False, write_only=True)
E             status = ChoiceField(choices=[(&#x27;draft&#x27;, &#x27;Brouillon&#x27;), (&#x27;pending&#x27;, &#x27;En attente&#x27;), (&#x27;assigned&#x27;, &#x27;Assignée&#x27;), (&#x27;in_progress&#x27;, &#x27;En cours&#x27;), (&#x27;completed&#x27;, &#x27;Terminée&#x27;), (&#x27;cancelled&#x27;, &#x27;Annulée&#x27;)], required=False)</pre></td>
E                           </tr>
E                         
E                       </tbody>
E                     </table>
E                     </details>
E                   
E                 </li>
E               
E                 
E                 <li class="frame user">
E                   
E                     <code class="fname">/Users/mohamedbechirdiarra/Downloads/prototypeGamma/Backend/depannage/views.py</code>, line 262, in perform_create
E                   
E         
E                   
E                     <div class="context" id="c4439177792">
E                       
E                         <ol start="255" class="pre-context" id="pre4439177792">
E                         
E                           <li onclick="toggle('pre4439177792', 'post4439177792')"><pre>        # Vérification de la géolocalisation</pre></li>
E                         
E                           <li onclick="toggle('pre4439177792', 'post4439177792')"><pre>        if not data.get(&#x27;latitude&#x27;) or not data.get(&#x27;longitude&#x27;):</pre></li>
E                         
E                           <li onclick="toggle('pre4439177792', 'post4439177792')"><pre>            raise ValidationError(&quot;La géolocalisation est obligatoire&quot;)</pre></li>
E                         
[...]
E                                 &#x27;propagate&#x27;: True},
E                      &#x27;django.security&#x27;: {&#x27;handlers&#x27;: [&#x27;security_file&#x27;],
E                                          &#x27;level&#x27;: &#x27;WARNING&#x27;,
E                                          &#x27;propagate&#x27;: False},
E                      &#x27;users&#x27;: {&#x27;handlers&#x27;: [&#x27;file&#x27;],
E                                &#x27;level&#x27;: &#x27;INFO&#x27;,
E                                &#x27;propagate&#x27;: True}},
E          &#x27;version&#x27;: 1}</pre></td>
E                 </tr>
E               
E                 <tr>
E                   <td>LOGGING_CONFIG</td>
E                   <td class="code"><pre>&#x27;logging.config.dictConfig&#x27;</pre></td>
E                 </tr>
E               
E                 <tr>
E                   <td>LOGIN_REDIRECT_URL</td>
E                   <td class="code"><pre>&#x27;/accounts/profile/&#x27;</pre></td>
E                 </tr>
E               
E                 <tr>
E                   <td>LOGIN_URL</td>
E                   <td class="code"><pre>&#x27;/accounts/login/&#x27;</pre></td>
E                 </tr>
E               
E                 <tr>
E                   <td>LOGOUT_REDIRECT_URL</td>
E                   <td class="code"><pre>None</pre></td>
E                 </tr>
E               
E                 <tr>
E                   <td>MANAGERS</td>
E                   <td class="code"><pre>[]</pre></td>
E                 </tr>
E               
E                 <tr>
E                   <td>MEDIA_ROOT</td>
E                   <td class="code"><pre>&#x27;/Users/mohamedbechirdiarra/Downloads/prototypeGamma/Backend/media&#x27;</pre></td>
E                 </tr>
E               
E                 <tr>
E                   <td>MEDIA_URL</td>
E                   <td class="code"><pre>&#x27;/media/&#x27;</pre></td>
E                 </tr>
E               
E                 <tr>
E                   <td>MESSAGE_STORAGE</td>
E                   <td class="code"><pre>&#x27;django.contrib.messages.storage.fallback.FallbackStorage&#x27;</pre></td>
E                 </tr>
E               
E                 <tr>
E                   <td>MIDDLEWARE</td>
E                   <td class="code"><pre>[&#x27;corsheaders.middleware.CorsMiddleware&#x27;,
E          &#x27;django.middleware.security.SecurityMiddleware&#x27;,
E          &#x27;django.contrib.sessions.middleware.SessionMiddleware&#x27;,
E          &#x27;django.middleware.common.CommonMiddleware&#x27;,
E          &#x27;django.middleware.csrf.CsrfViewMiddleware&#x27;,
E          &#x27;django.contrib.auth.middleware.AuthenticationMiddleware&#x27;,
E          &#x27;django.contrib.messages.middleware.MessageMiddleware&#x27;,
E          &#x27;django.middleware.clickjacking.XFrameOptionsMiddleware&#x27;,
E          &#x27;auth.middleware.JWTSecurityMiddleware&#x27;,
E          &#x27;auth.middleware.TokenValidationMiddleware&#x27;]</pre></td>
E                 </tr>
E               
E                 <tr>
E                   <td>MIGRATION_MODULES</td>
E                   <td class="code"><pre>{}</pre></td>
E                 </tr>
E               
E                 <tr>
E                   <td>MONTH_DAY_FORMAT</td>
E                   <td class="code"><pre>&#x27;F j&#x27;</pre></td>
E                 </tr>
E               
E                 <tr>
E                   <td>NOTIFICATION_CHANNELS</td>
E                   <td class="code"><pre>{&#x27;email&#x27;: True, &#x27;push&#x27;: False, &#x27;sms&#x27;: False}</pre></td>
E                 </tr>
E               
E                 <tr>
E                   <td>NUMBER_GROUPING</td>
E                   <td class="code"><pre>0</pre></td>
E                 </tr>
E               
E                 <tr>
E                   <td>PASSWORD_HASHERS</td>
E                   <td class="code"><pre>&#x27;********************&#x27;</pre></td>
E                 </tr>
E               
E                 <tr>
E                   <td>PASSWORD_RESET_TIMEOUT</td>
E                   <td class="code"><pre>&#x27;********************&#x27;</pre></td>
E                 </tr>
E               
E                 <tr>
E                   <td>PAYMENT_SETTINGS</td>
E                   <td class="code"><pre>{&#x27;CINETPAY_API_KEY&#x27;: &#x27;********************&#x27;,
E          &#x27;CINETPAY_ENVIRONMENT&#x27;: &#x27;Production&#x27;,
E          &#x27;CINETPAY_SITE_ID&#x27;: &#x27;105899471&#x27;}</pre></td>
E                 </tr>
E               
E                 <tr>
E                   <td>PREPEND_WWW</td>
E                   <td class="code"><pre>False</pre></td>
E                 </tr>
E               
E                 <tr>
E                   <td>REST_FRAMEWORK</td>
E                   <td class="code"><pre>{&#x27;DEFAULT_AUTHENTICATION_CLASSES&#x27;: &#x27;********************&#x27;,
E          &#x27;DEFAULT_PAGINATION_CLASS&#x27;: &#x27;rest_framework.pagination.PageNumberPagination&#x27;,
E          &#x27;DEFAULT_PARSER_CLASSES&#x27;: [&#x27;rest_framework.parsers.JSONParser&#x27;,
E                                     &#x27;rest_framework.parsers.MultiPartParser&#x27;,
E                                     &#x27;rest_framework.parsers.FormParser&#x27;],
E          &#x27;DEFAULT_PERMISSION_CLASSES&#x27;: [&#x27;rest_framework.permissions.IsAuthenticated&#x27;],
E          &#x27;DEFAULT_RENDERER_CLASSES&#x27;: [&#x27;rest_framework.renderers.JSONRenderer&#x27;],
E          &#x27;DEFAULT_THROTTLE_CLASSES&#x27;: [&#x27;rest_framework.throttling.UserRateThrottle&#x27;,
E                                       &#x27;rest_framework.throttling.AnonRateThrottle&#x27;,
E                                       &#x27;rest_framework.throttling.ScopedRateThrottle&#x27;],
E          &#x27;DEFAULT_THROTTLE_RATES&#x27;: {&#x27;anon&#x27;: &#x27;10000/day&#x27;,
E                                     &#x27;login&#x27;: &#x27;1000/day&#x27;,
E                                     &#x27;password_reset&#x27;: &#x27;********************&#x27;,
E                                     &#x27;register&#x27;: &#x27;500/day&#x27;,
E                                     &#x27;user&#x27;: &#x27;50000/day&#x27;,
E                                     &#x27;user_me&#x27;: &#x27;1000/day&#x27;},
E          &#x27;EXCEPTION_HANDLER&#x27;: &#x27;rest_framework.views.exception_handler&#x27;,
E          &#x27;PAGE_SIZE&#x27;: 20}</pre></td>
E                 </tr>
E               
E                 <tr>
E                   <td>ROOT_URLCONF</td>
E                   <td class="code"><pre>&#x27;auth.urls&#x27;</pre></td>
E                 </tr>
E               
E                 <tr>
E                   <td>SECRET_KEY</td>
E                   <td class="code"><pre>&#x27;********************&#x27;</pre></td>
E                 </tr>
E               
E                 <tr>
E                   <td>SECRET_KEY_FALLBACKS</td>
E                   <td class="code"><pre>&#x27;********************&#x27;</pre></td>
E                 </tr>
E               
E                 <tr>
E                   <td>SECURE_BROWSER_XSS_FILTER</td>
E                   <td class="code"><pre>True</pre></td>
E                 </tr>
E               
E                 <tr>
E                   <td>SECURE_CONTENT_TYPE_NOSNIFF</td>
E                   <td class="code"><pre>True</pre></td>
E                 </tr>
E               
E                 <tr>
E                   <td>SECURE_CROSS_ORIGIN_OPENER_POLICY</td>
E                   <td class="code"><pre>&#x27;same-origin&#x27;</pre></td>
E                 </tr>
E               
E                 <tr>
E                   <td>SECURE_HSTS_INCLUDE_SUBDOMAINS</td>
E                   <td class="code"><pre>True</pre></td>
E                 </tr>
E               
E                 <tr>
E                   <td>SECURE_HSTS_PRELOAD</td>
E                   <td class="code"><pre>True</pre></td>
E                 </tr>
E               
E                 <tr>
E                   <td>SECURE_HSTS_SECONDS</td>
E                   <td class="code"><pre>31536000</pre></td>
E                 </tr>
E               
E                 <tr>
E                   <td>SECURE_PROXY_SSL_HEADER</td>
E                   <td class="code"><pre>None</pre></td>
E                 </tr>
E               
E                 <tr>
E                   <td>SECURE_REDIRECT_EXEMPT</td>
E                   <td class="code"><pre>[]</pre></td>
E                 </tr>
E               
E                 <tr>
E                   <td>SECURE_REFERRER_POLICY</td>
E                   <td class="code"><pre>&#x27;same-origin&#x27;</pre></td>
E                 </tr>
E               
E                 <tr>
E                   <td>SECURE_SSL_HOST</td>
E                   <td class="code"><pre>None</pre></td>
E                 </tr>
E               
E                 <tr>
E                   <td>SECURE_SSL_REDIRECT</td>
E                   <td class="code"><pre>False</pre></td>
E                 </tr>
E               
E                 <tr>
E                   <td>SERVER_EMAIL</td>
E                   <td class="code"><pre>&#x27;root@localhost&#x27;</pre></td>
E                 </tr>
E               
E                 <tr>
E                   <td>SESSION_CACHE_ALIAS</td>
E                   <td class="code"><pre>&#x27;default&#x27;</pre></td>
E                 </tr>
E               
E                 <tr>
E                   <td>SESSION_COOKIE_AGE</td>
E                   <td class="code"><pre>3600</pre></td>
E                 </tr>
E               
E                 <tr>
E                   <td>SESSION_COOKIE_DOMAIN</td>
E                   <td class="code"><pre>None</pre></td>
E                 </tr>
E               
E                 <tr>
E                   <td>SESSION_COOKIE_HTTPONLY</td>
E                   <td class="code"><pre>True</pre></td>
E                 </tr>
E               
E                 <tr>
E                   <td>SESSION_COOKIE_NAME</td>
E                   <td class="code"><pre>&#x27;sessionid&#x27;</pre></td>
E                 </tr>
E               
E                 <tr>
E                   <td>SESSION_COOKIE_PATH</td>
E                   <td class="code"><pre>&#x27;/&#x27;</pre></td>
E                 </tr>
E               
E                 <tr>
E                   <td>SESSION_COOKIE_SAMESITE</td>
E                   <td class="code"><pre>&#x27;Lax&#x27;</pre></td>
E                 </tr>
E               
E                 <tr>
E                   <td>SESSION_COOKIE_SECURE</td>
E                   <td class="code"><pre>True</pre></td>
E                 </tr>
E               
E                 <tr>
E                   <td>SESSION_ENGINE</td>
E                   <td class="code"><pre>&#x27;django.contrib.sessions.backends.db&#x27;</pre></td>
E                 </tr>
E               
E                 <tr>
E                   <td>SESSION_EXPIRE_AT_BROWSER_CLOSE</td>
E                   <td class="code"><pre>True</pre></td>
E                 </tr>
E               
E                 <tr>
E                   <td>SESSION_FILE_PATH</td>
E                   <td class="code"><pre>None</pre></td>
E                 </tr>
E               
E                 <tr>
E                   <td>SESSION_SAVE_EVERY_REQUEST</td>
E                   <td class="code"><pre>False</pre></td>
E                 </tr>
E               
E                 <tr>
E                   <td>SESSION_SERIALIZER</td>
E                   <td class="code"><pre>&#x27;django.contrib.sessions.serializers.JSONSerializer&#x27;</pre></td>
E                 </tr>
E               
E                 <tr>
E                   <td>SETTINGS_MODULE</td>
E                   <td class="code"><pre>&#x27;Backend.auth.settings&#x27;</pre></td>
E                 </tr>
E               
E                 <tr>
E                   <td>SHORT_DATETIME_FORMAT</td>
E                   <td class="code"><pre>&#x27;m/d/Y P&#x27;</pre></td>
E                 </tr>
E               
E                 <tr>
E                   <td>SHORT_DATE_FORMAT</td>
E                   <td class="code"><pre>&#x27;m/d/Y&#x27;</pre></td>
E                 </tr>
E               
E                 <tr>
E                   <td>SIGNING_BACKEND</td>
E                   <td class="code"><pre>&#x27;django.core.signing.TimestampSigner&#x27;</pre></td>
E                 </tr>
E               
E                 <tr>
E                   <td>SILENCED_SYSTEM_CHECKS</td>
E                   <td class="code"><pre>[]</pre></td>
E                 </tr>
E               
E                 <tr>
E                   <td>SIMPLE_JWT</td>
E                   <td class="code"><pre>{&#x27;ACCESS_TOKEN_LIFETIME&#x27;: &#x27;********************&#x27;,
E          &#x27;ALGORITHM&#x27;: &#x27;HS256&#x27;,
E          &#x27;AUDIENCE&#x27;: None,
E          &#x27;AUTH_HEADER_NAME&#x27;: &#x27;********************&#x27;,
E          &#x27;AUTH_HEADER_TYPES&#x27;: &#x27;********************&#x27;,
E          &#x27;AUTH_TOKEN_CLASSES&#x27;: &#x27;********************&#x27;,
E          &#x27;BLACKLIST_AFTER_ROTATION&#x27;: True,
E          &#x27;ISSUER&#x27;: None,
E          &#x27;JTI_CLAIM&#x27;: &#x27;jti&#x27;,
E          &#x27;JWK_URL&#x27;: None,
E          &#x27;LEEWAY&#x27;: 0,
E          &#x27;REFRESH_TOKEN_LIFETIME&#x27;: &#x27;********************&#x27;,
E          &#x27;ROTATE_REFRESH_TOKENS&#x27;: &#x27;********************&#x27;,
E          &#x27;SIGNING_KEY&#x27;: &#x27;********************&#x27;,
E          &#x27;SLIDING_TOKEN_LIFETIME&#x27;: &#x27;********************&#x27;,
E          &#x27;SLIDING_TOKEN_REFRESH_EXP_CLAIM&#x27;: &#x27;********************&#x27;,
E          &#x27;SLIDING_TOKEN_REFRESH_LIFETIME&#x27;: &#x27;********************&#x27;,
E          &#x27;TOKEN_TYPE_CLAIM&#x27;: &#x27;********************&#x27;,
E          &#x27;TOKEN_USER_CLASS&#x27;: &#x27;********************&#x27;,
E          &#x27;UPDATE_LAST_LOGIN&#x27;: True,
E          &#x27;USER_AUTHENTICATION_RULE&#x27;: &#x27;********************&#x27;,
E          &#x27;USER_ID_CLAIM&#x27;: &#x27;user_id&#x27;,
E          &#x27;USER_ID_FIELD&#x27;: &#x27;id&#x27;,
E          &#x27;VERIFYING_KEY&#x27;: &#x27;********************&#x27;}</pre></td>
E                 </tr>
E               
E                 <tr>
E                   <td>STATICFILES_DIRS</td>
E                   <td class="code"><pre>[]</pre></td>
E                 </tr>
E               
E                 <tr>
E                   <td>STATICFILES_FINDERS</td>
E                   <td class="code"><pre>[&#x27;django.contrib.staticfiles.finders.FileSystemFinder&#x27;,
E          &#x27;django.contrib.staticfiles.finders.AppDirectoriesFinder&#x27;]</pre></td>
E                 </tr>
E               
E                 <tr>
E                   <td>STATIC_ROOT</td>
E                   <td class="code"><pre>&#x27;/Users/mohamedbechirdiarra/Downloads/prototypeGamma/Backend/staticfiles&#x27;</pre></td>
E                 </tr>
E               
E                 <tr>
E                   <td>STATIC_URL</td>
E                   <td class="code"><pre>&#x27;/static/&#x27;</pre></td>
E                 </tr>
E               
E                 <tr>
E                   <td>STORAGES</td>
E                   <td class="code"><pre>{&#x27;default&#x27;: {&#x27;BACKEND&#x27;: &#x27;django.core.files.storage.FileSystemStorage&#x27;},
E          &#x27;staticfiles&#x27;: {&#x27;BACKEND&#x27;: &#x27;django.contrib.staticfiles.storage.StaticFilesStorage&#x27;}}</pre></td>
E                 </tr>
E               
E                 <tr>
E                   <td>TEMPLATES</td>
E                   <td class="code"><pre>[{&#x27;APP_DIRS&#x27;: True,
E           &#x27;BACKEND&#x27;: &#x27;django.template.backends.django.DjangoTemplates&#x27;,
E           &#x27;DIRS&#x27;: [],
E           &#x27;OPTIONS&#x27;: {&#x27;context_processors&#x27;: [&#x27;django.template.context_processors.request&#x27;,
E                                              &#x27;django.contrib.auth.context_processors.auth&#x27;,
E                                              &#x27;django.contrib.messages.context_processors.messages&#x27;]}}]</pre></td>
E                 </tr>
E               
E                 <tr>
E                   <td>TEST_NON_SERIALIZED_APPS</td>
E                   <td class="code"><pre>[]</pre></td>
E                 </tr>
E               
E                 <tr>
E                   <td>TEST_RUNNER</td>
E                   <td class="code"><pre>&#x27;django.test.runner.DiscoverRunner&#x27;</pre></td>
E                 </tr>
E               
E                 <tr>
E                   <td>THOUSAND_SEPARATOR</td>
E                   <td class="code"><pre>&#x27;,&#x27;</pre></td>
E                 </tr>
E               
E                 <tr>
E                   <td>TIME_FORMAT</td>
E                   <td class="code"><pre>&#x27;P&#x27;</pre></td>
E                 </tr>
E               
E                 <tr>
E                   <td>TIME_INPUT_FORMATS</td>
E                   <td class="code"><pre>[&#x27;%H:%M:%S&#x27;, &#x27;%H:%M:%S.%f&#x27;, &#x27;%H:%M&#x27;]</pre></td>
E                 </tr>
E               
E                 <tr>
E                   <td>TIME_ZONE</td>
E                   <td class="code"><pre>&#x27;UTC&#x27;</pre></td>
E                 </tr>
E               
E                 <tr>
E                   <td>USE_I18N</td>
E                   <td class="code"><pre>True</pre></td>
E                 </tr>
E               
E                 <tr>
E                   <td>USE_THOUSAND_SEPARATOR</td>
E                   <td class="code"><pre>False</pre></td>
E                 </tr>
E               
E                 <tr>
E                   <td>USE_TZ</td>
E                   <td class="code"><pre>True</pre></td>
E                 </tr>
E               
E                 <tr>
E                   <td>USE_X_FORWARDED_HOST</td>
E                   <td class="code"><pre>False</pre></td>
E                 </tr>
E               
E                 <tr>
E                   <td>USE_X_FORWARDED_PORT</td>
E                   <td class="code"><pre>False</pre></td>
E                 </tr>
E               
E                 <tr>
E                   <td>WSGI_APPLICATION</td>
E                   <td class="code"><pre>&#x27;auth.wsgi.application&#x27;</pre></td>
E                 </tr>
E               
E                 <tr>
E                   <td>X_FRAME_OPTIONS</td>
E                   <td class="code"><pre>&#x27;DENY&#x27;</pre></td>
E                 </tr>
E               
E                 <tr>
E                   <td>YEAR_MONTH_FORMAT</td>
E                   <td class="code"><pre>&#x27;F Y&#x27;</pre></td>
E                 </tr>
E               
E             </tbody>
E           </table>
E         
E         </div>
E         </main>
E         
E         
E           <footer id="explanation">
E             <p>
E               You’re seeing this error because you have <code>DEBUG = True</code> in your
E               Django settings file. Change that to <code>False</code>, and Django will
E               display a standard page generated by the handler for this status code.
E             </p>
E           </footer>
E         
E         </body>
E         </html>
E         
E       assert 500 in (200, 201)
E        +  where 500 = <Response [500]>.status_code

conftest.py:228: AssertionError
=========================== short test summary info ============================
ERROR test_chat_with_auth.py::test_websocket_with_auth - AssertionError: Éche...
ERROR test_enhanced_review_system.py::test_review_moderation - AssertionError...
ERROR test_enhanced_review_system.py::test_review_flagging - AssertionError: ...
ERROR test_enhanced_review_system.py::test_review_update - AssertionError: Éc...
ERROR test_technician_request_receiver.py::test_request_assignment - Assertio...
================= 132 passed, 82 warnings, 5 errors in 16.19s ==================
